2019/09/07 00:15:59 [INFO] Terraform version: 0.11.14 mesosphere 
2019/09/07 00:15:59 [INFO] Go runtime version: go1.12
2019/09/07 00:15:59 [INFO] CLI args: []string{"/bin/terraform", "init", "-upgrade"}
2019/09/07 00:15:59 [DEBUG] Attempting to open CLI config file: /root/.terraformrc
2019/09/07 00:15:59 [DEBUG] File doesn't exist, but doesn't need to. Ignoring.
2019/09/07 00:15:59 [INFO] CLI command args: []string{"init", "-upgrade"}
2019/09/07 00:15:59 [DEBUG] command: loading backend config file: /jenkins/workspace/m-azurerm-instance_support_0.1.x
2019/09/07 00:15:59 [DEBUG] Service discovery for registry.terraform.io at https://registry.terraform.io/.well-known/terraform.json
2019/09/07 00:15:59 [DEBUG] fetching module versions from "https://registry.terraform.io/v1/modules/dcos-terraform/tested-oses/azurerm/versions"
2019/09/07 00:15:59 [DEBUG] found available version "0.1.4" for dcos-terraform/tested-oses/azurerm
2019/09/07 00:15:59 [DEBUG] found available version "0.2.0" for dcos-terraform/tested-oses/azurerm
2019/09/07 00:15:59 [DEBUG] found available version "0.1.3" for dcos-terraform/tested-oses/azurerm
2019/09/07 00:15:59 [DEBUG] found available version "0.1.2" for dcos-terraform/tested-oses/azurerm
2019/09/07 00:15:59 [DEBUG] found available version "0.1.1" for dcos-terraform/tested-oses/azurerm
2019/09/07 00:15:59 [DEBUG] found available version "0.1.0" for dcos-terraform/tested-oses/azurerm
2019/09/07 00:15:59 [DEBUG] found available version "0.0.1" for dcos-terraform/tested-oses/azurerm
2019/09/07 00:15:59 [DEBUG] looking up module location from "https://registry.terraform.io/v1/modules/dcos-terraform/tested-oses/azurerm/0.1.4/download"
2019/09/07 00:16:00 [DEBUG] found "https://api.github.com/repos/dcos-terraform/terraform-azurerm-tested-oses/tarball/0.1.4?archive=tar.gz" in ".terraform/modules/05b2acf5bc0f19111e091bfdf94e24a8": true
2019/09/07 00:16:00 [TRACE] "https://api.github.com/repos/dcos-terraform/terraform-azurerm-tested-oses/tarball/0.1.4?archive=tar.gz" stored in ".terraform/modules/05b2acf5bc0f19111e091bfdf94e24a8"
2019/09/07 00:16:00 [INFO] command: empty backend config, returning nil
2019/09/07 00:16:00 [DEBUG] command: no data state file found for backend config
2019/09/07 00:16:00 [DEBUG] New state was assigned lineage "3011e37f-fdfd-95c1-9a99-e9d85b5ba027"
2019/09/07 00:16:00 [INFO] command: backend initialized: <nil>
2019/09/07 00:16:00 [DEBUG] checking for provider in "."
2019/09/07 00:16:00 [DEBUG] checking for provider in "/bin"
2019/09/07 00:16:00 [DEBUG] checking for provisioner in "."
2019/09/07 00:16:00 [DEBUG] checking for provisioner in "/bin"
2019/09/07 00:16:00 [INFO] Failed to read plugin lock file .terraform/plugins/linux_amd64/lock.json: open .terraform/plugins/linux_amd64/lock.json: no such file or directory
2019/09/07 00:16:00 [INFO] command: backend <nil> is not enhanced, wrapping in local
2019/09/07 00:16:00 [DEBUG] found local version "0.1.4" for module dcos-terraform/tested-oses/azurerm
2019/09/07 00:16:00 [DEBUG] matched "dcos-terraform/tested-oses/azurerm" version 0.1.4 for ~> 0.1.0
2019/09/07 00:16:00 [DEBUG] checking for provider in "."
2019/09/07 00:16:00 [DEBUG] checking for provider in "/bin"
2019/09/07 00:16:00 [DEBUG] plugin requirements: "azurerm"=""
2019/09/07 00:16:00 [DEBUG] plugin requirements: "null"=""
2019/09/07 00:16:00 [DEBUG] fetching provider info for azurerm version 1.33.1
2019/09/07 00:16:00 [DEBUG] getting provider "azurerm" version "1.33.1"
2019/09/07 00:16:00 [DEBUG] plugin cache is disabled, so downloading azurerm 1.33.1 from https://releases.hashicorp.com/terraform-provider-azurerm/1.33.1/terraform-provider-azurerm_1.33.1_linux_amd64.zip?checksum=sha256:7b5597a236e36c8d2ad8f082c78ed5acc4c553c73d85ecfb90d3134d763b3e95
2019/09/07 00:16:02 [DEBUG] looking for the azurerm 1.33.1 plugin we just installed
2019/09/07 00:16:02 [DEBUG] checking for provider in ".terraform/plugins/linux_amd64"
2019/09/07 00:16:02 [DEBUG] found provider "terraform-provider-azurerm_v1.33.1_x4"
2019/09/07 00:16:02 [DEBUG] all plugins found discovery.PluginMetaSet{discovery.PluginMeta{Name:"azurerm", Version:"1.33.1", Path:"/jenkins/workspace/m-azurerm-instance_support_0.1.x/.terraform/plugins/linux_amd64/terraform-provider-azurerm_v1.33.1_x4"}:struct {}{}}
2019/09/07 00:16:02 [DEBUG] filtered plugins discovery.PluginMetaSet{discovery.PluginMeta{Name:"azurerm", Version:"1.33.1", Path:"/jenkins/workspace/m-azurerm-instance_support_0.1.x/.terraform/plugins/linux_amd64/terraform-provider-azurerm_v1.33.1_x4"}:struct {}{}}
2019/09/07 00:16:02 [DEBUG] fetching provider info for null version 2.1.2
2019/09/07 00:16:02 [DEBUG] getting provider "null" version "2.1.2"
2019/09/07 00:16:02 [DEBUG] plugin cache is disabled, so downloading null 2.1.2 from https://releases.hashicorp.com/terraform-provider-null/2.1.2/terraform-provider-null_2.1.2_linux_amd64.zip?checksum=sha256:16fc2d9b10cf9e5123bf956e7032c338cc93a03be1ca2e9f3d3b7014c0e866c7
2019/09/07 00:16:02 [DEBUG] looking for the null 2.1.2 plugin we just installed
2019/09/07 00:16:02 [DEBUG] checking for provider in ".terraform/plugins/linux_amd64"
2019/09/07 00:16:02 [DEBUG] found provider "terraform-provider-azurerm_v1.33.1_x4"
2019/09/07 00:16:02 [DEBUG] found provider "terraform-provider-null_v2.1.2_x4"
2019/09/07 00:16:02 [DEBUG] all plugins found discovery.PluginMetaSet{discovery.PluginMeta{Name:"azurerm", Version:"1.33.1", Path:"/jenkins/workspace/m-azurerm-instance_support_0.1.x/.terraform/plugins/linux_amd64/terraform-provider-azurerm_v1.33.1_x4"}:struct {}{}, discovery.PluginMeta{Name:"null", Version:"2.1.2", Path:"/jenkins/workspace/m-azurerm-instance_support_0.1.x/.terraform/plugins/linux_amd64/terraform-provider-null_v2.1.2_x4"}:struct {}{}}
2019/09/07 00:16:02 [DEBUG] filtered plugins discovery.PluginMetaSet{discovery.PluginMeta{Name:"null", Version:"2.1.2", Path:"/jenkins/workspace/m-azurerm-instance_support_0.1.x/.terraform/plugins/linux_amd64/terraform-provider-null_v2.1.2_x4"}:struct {}{}}
2019/09/07 00:16:02 [DEBUG] checking for provider in "."
2019/09/07 00:16:02 [DEBUG] checking for provider in "/bin"
2019/09/07 00:16:02 [DEBUG] checking for provider in ".terraform/plugins/linux_amd64"
2019/09/07 00:16:02 [DEBUG] found provider "terraform-provider-azurerm_v1.33.1_x4"
2019/09/07 00:16:02 [DEBUG] found provider "terraform-provider-null_v2.1.2_x4"
2019/09/07 00:16:02 [DEBUG] found valid plugin: "azurerm", "1.33.1", "/jenkins/workspace/m-azurerm-instance_support_0.1.x/.terraform/plugins/linux_amd64/terraform-provider-azurerm_v1.33.1_x4"
2019/09/07 00:16:02 [DEBUG] found valid plugin: "null", "2.1.2", "/jenkins/workspace/m-azurerm-instance_support_0.1.x/.terraform/plugins/linux_amd64/terraform-provider-null_v2.1.2_x4"
2019/09/07 00:16:03 [DEBUG] checking for provider in ".terraform/plugins/linux_amd64"
2019/09/07 00:16:03 [DEBUG] found provider "terraform-provider-azurerm_v1.33.1_x4"
2019/09/07 00:16:03 [DEBUG] found provider "terraform-provider-null_v2.1.2_x4"
2019/09/07 00:16:03 [DEBUG] plugin: waiting for all plugin processes to complete...
2019/09/07 00:16:03 [INFO] Terraform version: 0.11.14 mesosphere 
2019/09/07 00:16:03 [INFO] Go runtime version: go1.12
2019/09/07 00:16:03 [INFO] CLI args: []string{"/bin/terraform", "validate", "-check-variables=false"}
2019/09/07 00:16:03 [DEBUG] Attempting to open CLI config file: /root/.terraformrc
2019/09/07 00:16:03 [DEBUG] File doesn't exist, but doesn't need to. Ignoring.
2019/09/07 00:16:03 [INFO] CLI command args: []string{"validate", "-check-variables=false"}
2019/09/07 00:16:03 [DEBUG] plugin: waiting for all plugin processes to complete...
2019/09/07 00:16:14 [INFO] Terraform version: 0.11.14 mesosphere 
2019/09/07 00:16:14 [INFO] Go runtime version: go1.12
2019/09/07 00:16:14 [INFO] CLI args: []string{"/bin/terraform", "fmt", "main.tf"}
2019/09/07 00:16:14 [DEBUG] Attempting to open CLI config file: /root/.terraformrc
2019/09/07 00:16:14 [DEBUG] File doesn't exist, but doesn't need to. Ignoring.
2019/09/07 00:16:14 [INFO] CLI command args: []string{"fmt", "main.tf"}
2019/09/07 00:16:14 [DEBUG] plugin: waiting for all plugin processes to complete...
2019/09/07 00:16:14 [INFO] Terraform version: 0.11.14 mesosphere 
2019/09/07 00:16:14 [INFO] Go runtime version: go1.12
2019/09/07 00:16:14 [INFO] CLI args: []string{"/bin/terraform", "fmt", "meta.tf"}
2019/09/07 00:16:14 [DEBUG] Attempting to open CLI config file: /root/.terraformrc
2019/09/07 00:16:14 [DEBUG] File doesn't exist, but doesn't need to. Ignoring.
2019/09/07 00:16:14 [INFO] CLI command args: []string{"fmt", "meta.tf"}
2019/09/07 00:16:14 [DEBUG] plugin: waiting for all plugin processes to complete...
2019/09/07 00:16:14 [INFO] Terraform version: 0.11.14 mesosphere 
2019/09/07 00:16:14 [INFO] Go runtime version: go1.12
2019/09/07 00:16:14 [INFO] CLI args: []string{"/bin/terraform", "fmt", "outputs.tf"}
2019/09/07 00:16:14 [DEBUG] Attempting to open CLI config file: /root/.terraformrc
2019/09/07 00:16:14 [DEBUG] File doesn't exist, but doesn't need to. Ignoring.
2019/09/07 00:16:14 [INFO] CLI command args: []string{"fmt", "outputs.tf"}
2019/09/07 00:16:14 [DEBUG] plugin: waiting for all plugin processes to complete...
2019/09/07 00:16:14 [INFO] Terraform version: 0.11.14 mesosphere 
2019/09/07 00:16:14 [INFO] Go runtime version: go1.12
2019/09/07 00:16:14 [INFO] CLI args: []string{"/bin/terraform", "fmt", "variables.tf"}
2019/09/07 00:16:14 [DEBUG] Attempting to open CLI config file: /root/.terraformrc
2019/09/07 00:16:14 [DEBUG] File doesn't exist, but doesn't need to. Ignoring.
2019/09/07 00:16:14 [INFO] CLI command args: []string{"fmt", "variables.tf"}
2019/09/07 00:16:14 [DEBUG] plugin: waiting for all plugin processes to complete...
